{"/home/abditake/Code-401/Labs/auth-api/auth-merged-server/src/server.js": {"path":"/home/abditake/Code-401/Labs/auth-api/auth-merged-server/src/server.js","statementMap":{"0":{"start":{"line":4,"column":16},"end":{"line":4,"column":34}},"1":{"start":{"line":5,"column":13},"end":{"line":5,"column":28}},"2":{"start":{"line":6,"column":15},"end":{"line":6,"column":32}},"3":{"start":{"line":9,"column":21},"end":{"line":9,"column":55}},"4":{"start":{"line":10,"column":17},"end":{"line":10,"column":51}},"5":{"start":{"line":11,"column":15},"end":{"line":11,"column":41}},"6":{"start":{"line":12,"column":15},"end":{"line":12,"column":48}},"7":{"start":{"line":15,"column":12},"end":{"line":15,"column":21}},"8":{"start":{"line":18,"column":0},"end":{"line":18,"column":16}},"9":{"start":{"line":19,"column":0},"end":{"line":19,"column":23}},"10":{"start":{"line":20,"column":0},"end":{"line":20,"column":16}},"11":{"start":{"line":21,"column":0},"end":{"line":21,"column":24}},"12":{"start":{"line":22,"column":0},"end":{"line":22,"column":48}},"13":{"start":{"line":28,"column":0},"end":{"line":28,"column":16}},"14":{"start":{"line":29,"column":0},"end":{"line":29,"column":27}},"15":{"start":{"line":32,"column":0},"end":{"line":32,"column":18}},"16":{"start":{"line":33,"column":0},"end":{"line":33,"column":22}},"17":{"start":{"line":35,"column":0},"end":{"line":42,"column":2}},"18":{"start":{"line":38,"column":4},"end":{"line":40,"column":7}},"19":{"start":{"line":39,"column":6},"end":{"line":39,"column":42}}},"fnMap":{"0":{"name":"(anonymous_0)","decl":{"start":{"line":37,"column":9},"end":{"line":37,"column":10}},"loc":{"start":{"line":37,"column":19},"end":{"line":41,"column":3}},"line":37},"1":{"name":"(anonymous_1)","decl":{"start":{"line":38,"column":21},"end":{"line":38,"column":22}},"loc":{"start":{"line":38,"column":27},"end":{"line":40,"column":5}},"line":38}},"branchMap":{},"s":{"0":2,"1":2,"2":2,"3":2,"4":2,"5":2,"6":2,"7":2,"8":2,"9":2,"10":2,"11":2,"12":2,"13":2,"14":2,"15":2,"16":2,"17":2,"18":0,"19":0},"f":{"0":0,"1":0},"b":{},"_coverageSchema":"1a1c01bbd47fc00a2c39e90264f33305004495a9","hash":"96be76f1c80d7a8b37c1ffb6c0d7eb490a3e3cce"}
,"/home/abditake/Code-401/Labs/auth-api/auth-merged-server/src/error-handlers/404.js": {"path":"/home/abditake/Code-401/Labs/auth-api/auth-merged-server/src/error-handlers/404.js","statementMap":{"0":{"start":{"line":12,"column":22},"end":{"line":15,"column":3}},"1":{"start":{"line":17,"column":2},"end":{"line":17,"column":36}},"2":{"start":{"line":20,"column":0},"end":{"line":20,"column":27}}},"fnMap":{"0":{"name":"handle404","decl":{"start":{"line":10,"column":9},"end":{"line":10,"column":18}},"loc":{"start":{"line":10,"column":35},"end":{"line":18,"column":1}},"line":10}},"branchMap":{},"s":{"0":0,"1":0,"2":2},"f":{"0":0},"b":{},"_coverageSchema":"1a1c01bbd47fc00a2c39e90264f33305004495a9","hash":"14aebc3efc27b1cfece5048058eeb15659bf6724"}
,"/home/abditake/Code-401/Labs/auth-api/auth-merged-server/src/error-handlers/500.js": {"path":"/home/abditake/Code-401/Labs/auth-api/auth-merged-server/src/error-handlers/500.js","statementMap":{"0":{"start":{"line":12,"column":0},"end":{"line":22,"column":2}},"1":{"start":{"line":15,"column":16},"end":{"line":15,"column":47}},"2":{"start":{"line":17,"column":22},"end":{"line":20,"column":3}},"3":{"start":{"line":21,"column":2},"end":{"line":21,"column":36}}},"fnMap":{"0":{"name":"(anonymous_0)","decl":{"start":{"line":12,"column":17},"end":{"line":12,"column":18}},"loc":{"start":{"line":12,"column":48},"end":{"line":22,"column":1}},"line":12}},"branchMap":{"0":{"loc":{"start":{"line":15,"column":16},"end":{"line":15,"column":47}},"type":"cond-expr","locations":[{"start":{"line":15,"column":30},"end":{"line":15,"column":41}},{"start":{"line":15,"column":44},"end":{"line":15,"column":47}}],"line":15}},"s":{"0":2,"1":4,"2":4,"3":4},"f":{"0":4},"b":{"0":[4,0]},"_coverageSchema":"1a1c01bbd47fc00a2c39e90264f33305004495a9","hash":"e97876802f7dc8707133e2d41667bc5c666640b5"}
,"/home/abditake/Code-401/Labs/auth-api/auth-merged-server/src/middleware/acl.js": {"path":"/home/abditake/Code-401/Labs/auth-api/auth-merged-server/src/middleware/acl.js","statementMap":{"0":{"start":{"line":3,"column":0},"end":{"line":20,"column":1}},"1":{"start":{"line":5,"column":2},"end":{"line":18,"column":3}},"2":{"start":{"line":7,"column":4},"end":{"line":16,"column":5}},"3":{"start":{"line":8,"column":6},"end":{"line":13,"column":7}},"4":{"start":{"line":9,"column":8},"end":{"line":9,"column":15}},"5":{"start":{"line":12,"column":8},"end":{"line":12,"column":30}},"6":{"start":{"line":15,"column":6},"end":{"line":15,"column":28}}},"fnMap":{"0":{"name":"(anonymous_0)","decl":{"start":{"line":3,"column":17},"end":{"line":3,"column":18}},"loc":{"start":{"line":3,"column":33},"end":{"line":20,"column":1}},"line":3},"1":{"name":"(anonymous_1)","decl":{"start":{"line":5,"column":9},"end":{"line":5,"column":10}},"loc":{"start":{"line":5,"column":29},"end":{"line":18,"column":3}},"line":5}},"branchMap":{"0":{"loc":{"start":{"line":8,"column":6},"end":{"line":13,"column":7}},"type":"if","locations":[{"start":{"line":8,"column":6},"end":{"line":13,"column":7}},{"start":{"line":11,"column":11},"end":{"line":13,"column":7}}],"line":8}},"s":{"0":2,"1":2,"2":0,"3":0,"4":0,"5":0,"6":0},"f":{"0":2,"1":0},"b":{"0":[0,0]},"_coverageSchema":"1a1c01bbd47fc00a2c39e90264f33305004495a9","hash":"b55c36ff232ee88b4001f0314c3f1cad4c986edd"}
,"/home/abditake/Code-401/Labs/auth-api/auth-merged-server/src/middleware/basic.js": {"path":"/home/abditake/Code-401/Labs/auth-api/auth-merged-server/src/middleware/basic.js","statementMap":{"0":{"start":{"line":3,"column":15},"end":{"line":3,"column":33}},"1":{"start":{"line":4,"column":18},"end":{"line":4,"column":38}},"2":{"start":{"line":6,"column":0},"end":{"line":24,"column":1}},"3":{"start":{"line":8,"column":2},"end":{"line":8,"column":58}},"4":{"start":{"line":8,"column":36},"end":{"line":8,"column":56}},"5":{"start":{"line":10,"column":14},"end":{"line":10,"column":56}},"6":{"start":{"line":11,"column":21},"end":{"line":11,"column":52}},"7":{"start":{"line":13,"column":2},"end":{"line":18,"column":3}},"8":{"start":{"line":14,"column":4},"end":{"line":14,"column":56}},"9":{"start":{"line":15,"column":4},"end":{"line":15,"column":11}},"10":{"start":{"line":17,"column":4},"end":{"line":17,"column":16}},"11":{"start":{"line":21,"column":4},"end":{"line":21,"column":42}}},"fnMap":{"0":{"name":"(anonymous_0)","decl":{"start":{"line":6,"column":17},"end":{"line":6,"column":18}},"loc":{"start":{"line":6,"column":43},"end":{"line":24,"column":1}},"line":6},"1":{"name":"_authError","decl":{"start":{"line":20,"column":11},"end":{"line":20,"column":21}},"loc":{"start":{"line":20,"column":24},"end":{"line":22,"column":3}},"line":20}},"branchMap":{"0":{"loc":{"start":{"line":8,"column":2},"end":{"line":8,"column":58}},"type":"if","locations":[{"start":{"line":8,"column":2},"end":{"line":8,"column":58}},{"start":{},"end":{}}],"line":8}},"s":{"0":2,"1":2,"2":2,"3":0,"4":0,"5":0,"6":0,"7":0,"8":0,"9":0,"10":0,"11":0},"f":{"0":0,"1":0},"b":{"0":[0,0]},"_coverageSchema":"1a1c01bbd47fc00a2c39e90264f33305004495a9","hash":"9db410147f67c7ecda2801688d617ae9bc7c9570"}
,"/home/abditake/Code-401/Labs/auth-api/auth-merged-server/src/middleware/bearer.js": {"path":"/home/abditake/Code-401/Labs/auth-api/auth-merged-server/src/middleware/bearer.js","statementMap":{"0":{"start":{"line":3,"column":18},"end":{"line":3,"column":38}},"1":{"start":{"line":5,"column":0},"end":{"line":24,"column":1}},"2":{"start":{"line":7,"column":2},"end":{"line":19,"column":3}},"3":{"start":{"line":9,"column":4},"end":{"line":9,"column":52}},"4":{"start":{"line":9,"column":38},"end":{"line":9,"column":50}},"5":{"start":{"line":11,"column":18},"end":{"line":11,"column":60}},"6":{"start":{"line":12,"column":22},"end":{"line":12,"column":58}},"7":{"start":{"line":13,"column":4},"end":{"line":13,"column":25}},"8":{"start":{"line":14,"column":4},"end":{"line":14,"column":32}},"9":{"start":{"line":15,"column":4},"end":{"line":15,"column":11}},"10":{"start":{"line":18,"column":4},"end":{"line":18,"column":17}},"11":{"start":{"line":22,"column":4},"end":{"line":22,"column":26}}},"fnMap":{"0":{"name":"(anonymous_0)","decl":{"start":{"line":5,"column":17},"end":{"line":5,"column":18}},"loc":{"start":{"line":5,"column":43},"end":{"line":24,"column":1}},"line":5},"1":{"name":"_authError","decl":{"start":{"line":21,"column":11},"end":{"line":21,"column":21}},"loc":{"start":{"line":21,"column":24},"end":{"line":23,"column":3}},"line":21}},"branchMap":{"0":{"loc":{"start":{"line":9,"column":4},"end":{"line":9,"column":52}},"type":"if","locations":[{"start":{"line":9,"column":4},"end":{"line":9,"column":52}},{"start":{},"end":{}}],"line":9}},"s":{"0":2,"1":2,"2":0,"3":0,"4":0,"5":0,"6":0,"7":0,"8":0,"9":0,"10":0,"11":0},"f":{"0":0,"1":0},"b":{"0":[0,0]},"_coverageSchema":"1a1c01bbd47fc00a2c39e90264f33305004495a9","hash":"9cd56ecab93f99ca87c1127cd266ae40db860ead"}
,"/home/abditake/Code-401/Labs/auth-api/auth-merged-server/src/middleware/logger.js": {"path":"/home/abditake/Code-401/Labs/auth-api/auth-merged-server/src/middleware/logger.js","statementMap":{"0":{"start":{"line":5,"column":15},"end":{"line":10,"column":1}},"1":{"start":{"line":6,"column":2},"end":{"line":6,"column":48}},"2":{"start":{"line":9,"column":2},"end":{"line":9,"column":9}},"3":{"start":{"line":12,"column":0},"end":{"line":12,"column":24}}},"fnMap":{"0":{"name":"(anonymous_0)","decl":{"start":{"line":5,"column":15},"end":{"line":5,"column":16}},"loc":{"start":{"line":5,"column":35},"end":{"line":10,"column":1}},"line":5}},"branchMap":{},"s":{"0":2,"1":4,"2":4,"3":2},"f":{"0":4},"b":{},"_coverageSchema":"1a1c01bbd47fc00a2c39e90264f33305004495a9","hash":"e4ef41a764405650adffb28e2d74083453478e3f"}
,"/home/abditake/Code-401/Labs/auth-api/auth-merged-server/src/models/data-collection.js": {"path":"/home/abditake/Code-401/Labs/auth-api/auth-merged-server/src/models/data-collection.js","statementMap":{"0":{"start":{"line":10,"column":4},"end":{"line":10,"column":23}},"1":{"start":{"line":14,"column":4},"end":{"line":19,"column":5}},"2":{"start":{"line":15,"column":6},"end":{"line":15,"column":40}},"3":{"start":{"line":18,"column":6},"end":{"line":18,"column":36}},"4":{"start":{"line":23,"column":4},"end":{"line":23,"column":37}},"5":{"start":{"line":27,"column":4},"end":{"line":28,"column":43}},"6":{"start":{"line":28,"column":22},"end":{"line":28,"column":41}},"7":{"start":{"line":32,"column":4},"end":{"line":32,"column":48}},"8":{"start":{"line":37,"column":0},"end":{"line":37,"column":32}}},"fnMap":{"0":{"name":"(anonymous_0)","decl":{"start":{"line":9,"column":2},"end":{"line":9,"column":3}},"loc":{"start":{"line":9,"column":21},"end":{"line":11,"column":3}},"line":9},"1":{"name":"(anonymous_1)","decl":{"start":{"line":13,"column":2},"end":{"line":13,"column":3}},"loc":{"start":{"line":13,"column":10},"end":{"line":20,"column":3}},"line":13},"2":{"name":"(anonymous_2)","decl":{"start":{"line":22,"column":2},"end":{"line":22,"column":3}},"loc":{"start":{"line":22,"column":17},"end":{"line":24,"column":3}},"line":22},"3":{"name":"(anonymous_3)","decl":{"start":{"line":26,"column":2},"end":{"line":26,"column":3}},"loc":{"start":{"line":26,"column":19},"end":{"line":29,"column":3}},"line":26},"4":{"name":"(anonymous_4)","decl":{"start":{"line":28,"column":12},"end":{"line":28,"column":13}},"loc":{"start":{"line":28,"column":22},"end":{"line":28,"column":41}},"line":28},"5":{"name":"(anonymous_5)","decl":{"start":{"line":31,"column":2},"end":{"line":31,"column":3}},"loc":{"start":{"line":31,"column":13},"end":{"line":33,"column":3}},"line":31}},"branchMap":{"0":{"loc":{"start":{"line":14,"column":4},"end":{"line":19,"column":5}},"type":"if","locations":[{"start":{"line":14,"column":4},"end":{"line":19,"column":5}},{"start":{"line":17,"column":9},"end":{"line":19,"column":5}}],"line":14}},"s":{"0":9,"1":0,"2":0,"3":0,"4":2,"5":0,"6":0,"7":0,"8":3},"f":{"0":9,"1":0,"2":2,"3":0,"4":0,"5":0},"b":{"0":[0,0]},"_coverageSchema":"1a1c01bbd47fc00a2c39e90264f33305004495a9","hash":"05d01be86bb5b42aea2c5e2cc51d4db452081df5"}
,"/home/abditake/Code-401/Labs/auth-api/auth-merged-server/src/models/index.js": {"path":"/home/abditake/Code-401/Labs/auth-api/auth-merged-server/src/models/index.js","statementMap":{"0":{"start":{"line":2,"column":18},"end":{"line":2,"column":39}},"1":{"start":{"line":3,"column":33},"end":{"line":3,"column":53}},"2":{"start":{"line":4,"column":21},"end":{"line":4,"column":50}},"3":{"start":{"line":5,"column":18},"end":{"line":5,"column":44}},"4":{"start":{"line":6,"column":19},"end":{"line":6,"column":50}},"5":{"start":{"line":9,"column":21},"end":{"line":9,"column":65}},"6":{"start":{"line":11,"column":18},"end":{"line":11,"column":45}},"7":{"start":{"line":13,"column":13},"end":{"line":13,"column":44}},"8":{"start":{"line":14,"column":16},"end":{"line":14,"column":50}},"9":{"start":{"line":15,"column":14},"end":{"line":15,"column":45}},"10":{"start":{"line":17,"column":0},"end":{"line":23,"column":1}}},"fnMap":{},"branchMap":{"0":{"loc":{"start":{"line":9,"column":21},"end":{"line":9,"column":65}},"type":"binary-expr","locations":[{"start":{"line":9,"column":21},"end":{"line":9,"column":45}},{"start":{"line":9,"column":49},"end":{"line":9,"column":65}}],"line":9}},"s":{"0":3,"1":3,"2":3,"3":3,"4":3,"5":3,"6":3,"7":3,"8":3,"9":3,"10":3},"f":{},"b":{"0":[3,3]},"_coverageSchema":"1a1c01bbd47fc00a2c39e90264f33305004495a9","hash":"b4f090bf0af75295635a97eaeacae013aedfa438"}
,"/home/abditake/Code-401/Labs/auth-api/auth-merged-server/src/models/users.js": {"path":"/home/abditake/Code-401/Labs/auth-api/auth-merged-server/src/models/users.js","statementMap":{"0":{"start":{"line":3,"column":15},"end":{"line":3,"column":32}},"1":{"start":{"line":4,"column":12},"end":{"line":4,"column":35}},"2":{"start":{"line":6,"column":15},"end":{"line":6,"column":51}},"3":{"start":{"line":8,"column":18},"end":{"line":61,"column":1}},"4":{"start":{"line":9,"column":16},"end":{"line":35,"column":4}},"5":{"start":{"line":16,"column":8},"end":{"line":16,"column":61}},"6":{"start":{"line":19,"column":20},"end":{"line":19,"column":46}},"7":{"start":{"line":20,"column":8},"end":{"line":20,"column":21}},"8":{"start":{"line":26,"column":20},"end":{"line":31,"column":9}},"9":{"start":{"line":32,"column":8},"end":{"line":32,"column":30}},"10":{"start":{"line":37,"column":2},"end":{"line":40,"column":5}},"11":{"start":{"line":38,"column":21},"end":{"line":38,"column":57}},"12":{"start":{"line":39,"column":4},"end":{"line":39,"column":31}},"13":{"start":{"line":42,"column":2},"end":{"line":47,"column":4}},"14":{"start":{"line":43,"column":17},"end":{"line":43,"column":60}},"15":{"start":{"line":44,"column":18},"end":{"line":44,"column":63}},"16":{"start":{"line":45,"column":4},"end":{"line":45,"column":31}},"17":{"start":{"line":45,"column":17},"end":{"line":45,"column":29}},"18":{"start":{"line":46,"column":4},"end":{"line":46,"column":36}},"19":{"start":{"line":49,"column":2},"end":{"line":58,"column":4}},"20":{"start":{"line":50,"column":4},"end":{"line":57,"column":5}},"21":{"start":{"line":51,"column":26},"end":{"line":51,"column":51}},"22":{"start":{"line":52,"column":19},"end":{"line":52,"column":77}},"23":{"start":{"line":53,"column":6},"end":{"line":53,"column":32}},"24":{"start":{"line":53,"column":18},"end":{"line":53,"column":30}},"25":{"start":{"line":54,"column":6},"end":{"line":54,"column":40}},"26":{"start":{"line":56,"column":6},"end":{"line":56,"column":32}},"27":{"start":{"line":60,"column":2},"end":{"line":60,"column":15}},"28":{"start":{"line":63,"column":0},"end":{"line":63,"column":27}}},"fnMap":{"0":{"name":"(anonymous_0)","decl":{"start":{"line":8,"column":18},"end":{"line":8,"column":19}},"loc":{"start":{"line":8,"column":44},"end":{"line":61,"column":1}},"line":8},"1":{"name":"(anonymous_1)","decl":{"start":{"line":15,"column":6},"end":{"line":15,"column":7}},"loc":{"start":{"line":15,"column":12},"end":{"line":17,"column":7}},"line":15},"2":{"name":"(anonymous_2)","decl":{"start":{"line":18,"column":6},"end":{"line":18,"column":7}},"loc":{"start":{"line":18,"column":20},"end":{"line":21,"column":7}},"line":18},"3":{"name":"(anonymous_3)","decl":{"start":{"line":25,"column":6},"end":{"line":25,"column":7}},"loc":{"start":{"line":25,"column":12},"end":{"line":33,"column":7}},"line":25},"4":{"name":"(anonymous_4)","decl":{"start":{"line":37,"column":21},"end":{"line":37,"column":22}},"loc":{"start":{"line":37,"column":37},"end":{"line":40,"column":3}},"line":37},"5":{"name":"(anonymous_5)","decl":{"start":{"line":42,"column":28},"end":{"line":42,"column":29}},"loc":{"start":{"line":42,"column":64},"end":{"line":47,"column":3}},"line":42},"6":{"name":"(anonymous_6)","decl":{"start":{"line":49,"column":28},"end":{"line":49,"column":29}},"loc":{"start":{"line":49,"column":51},"end":{"line":58,"column":3}},"line":49}},"branchMap":{"0":{"loc":{"start":{"line":6,"column":15},"end":{"line":6,"column":51}},"type":"binary-expr","locations":[{"start":{"line":6,"column":15},"end":{"line":6,"column":33}},{"start":{"line":6,"column":37},"end":{"line":6,"column":51}}],"line":6},"1":{"loc":{"start":{"line":45,"column":4},"end":{"line":45,"column":31}},"type":"if","locations":[{"start":{"line":45,"column":4},"end":{"line":45,"column":31}},{"start":{},"end":{}}],"line":45},"2":{"loc":{"start":{"line":53,"column":6},"end":{"line":53,"column":32}},"type":"if","locations":[{"start":{"line":53,"column":6},"end":{"line":53,"column":32}},{"start":{},"end":{}}],"line":53}},"s":{"0":3,"1":3,"2":3,"3":3,"4":3,"5":5,"6":0,"7":0,"8":0,"9":0,"10":3,"11":2,"12":2,"13":3,"14":0,"15":0,"16":0,"17":0,"18":0,"19":3,"20":0,"21":0,"22":0,"23":0,"24":0,"25":0,"26":0,"27":3,"28":3},"f":{"0":3,"1":5,"2":0,"3":0,"4":2,"5":0,"6":0},"b":{"0":[3,3],"1":[0,0],"2":[0,0]},"_coverageSchema":"1a1c01bbd47fc00a2c39e90264f33305004495a9","hash":"33be894e1fb285b9b38e3b1b39f90f40d8c2b2ee"}
,"/home/abditake/Code-401/Labs/auth-api/auth-merged-server/src/models/clothes/model.js": {"path":"/home/abditake/Code-401/Labs/auth-api/auth-merged-server/src/models/clothes/model.js","statementMap":{"0":{"start":{"line":3,"column":21},"end":{"line":7,"column":2}},"1":{"start":{"line":3,"column":47},"end":{"line":7,"column":2}},"2":{"start":{"line":9,"column":0},"end":{"line":9,"column":30}}},"fnMap":{"0":{"name":"(anonymous_0)","decl":{"start":{"line":3,"column":21},"end":{"line":3,"column":22}},"loc":{"start":{"line":3,"column":47},"end":{"line":7,"column":2}},"line":3}},"branchMap":{},"s":{"0":3,"1":3,"2":3},"f":{"0":3},"b":{},"_coverageSchema":"1a1c01bbd47fc00a2c39e90264f33305004495a9","hash":"ba85bc3713d86199f6b98ff66d848b26752e36ad"}
,"/home/abditake/Code-401/Labs/auth-api/auth-merged-server/src/models/food/model.js": {"path":"/home/abditake/Code-401/Labs/auth-api/auth-merged-server/src/models/food/model.js","statementMap":{"0":{"start":{"line":3,"column":18},"end":{"line":7,"column":2}},"1":{"start":{"line":3,"column":44},"end":{"line":7,"column":2}},"2":{"start":{"line":9,"column":0},"end":{"line":9,"column":27}}},"fnMap":{"0":{"name":"(anonymous_0)","decl":{"start":{"line":3,"column":18},"end":{"line":3,"column":19}},"loc":{"start":{"line":3,"column":44},"end":{"line":7,"column":2}},"line":3}},"branchMap":{},"s":{"0":3,"1":3,"2":3},"f":{"0":3},"b":{},"_coverageSchema":"1a1c01bbd47fc00a2c39e90264f33305004495a9","hash":"78ea2e6e6325edc5209c85575bb974aa96dbfd60"}
,"/home/abditake/Code-401/Labs/auth-api/auth-merged-server/src/routes/handler.js": {"path":"/home/abditake/Code-401/Labs/auth-api/auth-merged-server/src/routes/handler.js","statementMap":{"0":{"start":{"line":3,"column":16},"end":{"line":3,"column":34}},"1":{"start":{"line":4,"column":20},"end":{"line":4,"column":40}},"2":{"start":{"line":5,"column":18},"end":{"line":5,"column":44}},"3":{"start":{"line":6,"column":15},"end":{"line":6,"column":31}},"4":{"start":{"line":11,"column":19},"end":{"line":11,"column":40}},"5":{"start":{"line":12,"column":2},"end":{"line":12,"column":35}},"6":{"start":{"line":16,"column":13},"end":{"line":16,"column":26}},"7":{"start":{"line":17,"column":18},"end":{"line":17,"column":41}},"8":{"start":{"line":18,"column":2},"end":{"line":18,"column":34}},"9":{"start":{"line":22,"column":12},"end":{"line":22,"column":20}},"10":{"start":{"line":23,"column":18},"end":{"line":23,"column":45}},"11":{"start":{"line":24,"column":2},"end":{"line":24,"column":34}},"12":{"start":{"line":28,"column":13},"end":{"line":28,"column":26}},"13":{"start":{"line":29,"column":14},"end":{"line":29,"column":22}},"14":{"start":{"line":30,"column":22},"end":{"line":30,"column":53}},"15":{"start":{"line":31,"column":2},"end":{"line":31,"column":38}},"16":{"start":{"line":35,"column":11},"end":{"line":35,"column":24}},"17":{"start":{"line":36,"column":22},"end":{"line":36,"column":48}},"18":{"start":{"line":37,"column":2},"end":{"line":37,"column":38}},"19":{"start":{"line":41,"column":2},"end":{"line":50,"column":3}},"20":{"start":{"line":42,"column":21},"end":{"line":42,"column":49}},"21":{"start":{"line":43,"column":19},"end":{"line":46,"column":5}},"22":{"start":{"line":47,"column":4},"end":{"line":47,"column":33}},"23":{"start":{"line":49,"column":4},"end":{"line":49,"column":19}},"24":{"start":{"line":54,"column":15},"end":{"line":57,"column":3}},"25":{"start":{"line":58,"column":2},"end":{"line":58,"column":29}},"26":{"start":{"line":62,"column":22},"end":{"line":62,"column":45}},"27":{"start":{"line":63,"column":15},"end":{"line":63,"column":53}},"28":{"start":{"line":63,"column":39},"end":{"line":63,"column":52}},"29":{"start":{"line":64,"column":2},"end":{"line":64,"column":29}},"30":{"start":{"line":69,"column":2},"end":{"line":69,"column":52}},"31":{"start":{"line":73,"column":0},"end":{"line":83,"column":2}}},"fnMap":{"0":{"name":"handleGetAll","decl":{"start":{"line":10,"column":15},"end":{"line":10,"column":27}},"loc":{"start":{"line":10,"column":38},"end":{"line":13,"column":1}},"line":10},"1":{"name":"handleGetOne","decl":{"start":{"line":15,"column":15},"end":{"line":15,"column":27}},"loc":{"start":{"line":15,"column":38},"end":{"line":19,"column":1}},"line":15},"2":{"name":"handleCreate","decl":{"start":{"line":21,"column":15},"end":{"line":21,"column":27}},"loc":{"start":{"line":21,"column":38},"end":{"line":25,"column":1}},"line":21},"3":{"name":"handleUpdate","decl":{"start":{"line":27,"column":15},"end":{"line":27,"column":27}},"loc":{"start":{"line":27,"column":38},"end":{"line":32,"column":1}},"line":27},"4":{"name":"handleDelete","decl":{"start":{"line":34,"column":15},"end":{"line":34,"column":27}},"loc":{"start":{"line":34,"column":38},"end":{"line":38,"column":1}},"line":34},"5":{"name":"handleSignup","decl":{"start":{"line":40,"column":15},"end":{"line":40,"column":27}},"loc":{"start":{"line":40,"column":36},"end":{"line":51,"column":1}},"line":40},"6":{"name":"handleSignin","decl":{"start":{"line":53,"column":15},"end":{"line":53,"column":27}},"loc":{"start":{"line":53,"column":36},"end":{"line":59,"column":1}},"line":53},"7":{"name":"handleUsers","decl":{"start":{"line":61,"column":15},"end":{"line":61,"column":26}},"loc":{"start":{"line":61,"column":35},"end":{"line":65,"column":1}},"line":61},"8":{"name":"(anonymous_8)","decl":{"start":{"line":63,"column":31},"end":{"line":63,"column":32}},"loc":{"start":{"line":63,"column":39},"end":{"line":63,"column":52}},"line":63},"9":{"name":"handleSecret","decl":{"start":{"line":68,"column":15},"end":{"line":68,"column":27}},"loc":{"start":{"line":68,"column":36},"end":{"line":70,"column":1}},"line":68}},"branchMap":{},"s":{"0":2,"1":2,"2":2,"3":2,"4":0,"5":0,"6":0,"7":0,"8":0,"9":0,"10":0,"11":0,"12":0,"13":0,"14":0,"15":0,"16":0,"17":0,"18":0,"19":0,"20":0,"21":0,"22":0,"23":0,"24":0,"25":0,"26":0,"27":0,"28":0,"29":0,"30":0,"31":2},"f":{"0":0,"1":0,"2":0,"3":0,"4":0,"5":0,"6":0,"7":0,"8":0,"9":0},"b":{},"_coverageSchema":"1a1c01bbd47fc00a2c39e90264f33305004495a9","hash":"596b6261d1e74ea0936515aacc26dacbca24e4ca"}
,"/home/abditake/Code-401/Labs/auth-api/auth-merged-server/src/routes/routes.js": {"path":"/home/abditake/Code-401/Labs/auth-api/auth-merged-server/src/routes/routes.js","statementMap":{"0":{"start":{"line":3,"column":16},"end":{"line":3,"column":34}},"1":{"start":{"line":4,"column":18},"end":{"line":4,"column":51}},"2":{"start":{"line":5,"column":19},"end":{"line":5,"column":53}},"3":{"start":{"line":6,"column":20},"end":{"line":6,"column":51}},"4":{"start":{"line":7,"column":15},"end":{"line":7,"column":31}},"5":{"start":{"line":18,"column":4},"end":{"line":18,"column":24}},"6":{"start":{"line":20,"column":0},"end":{"line":28,"column":3}},"7":{"start":{"line":21,"column":20},"end":{"line":21,"column":36}},"8":{"start":{"line":22,"column":2},"end":{"line":27,"column":3}},"9":{"start":{"line":23,"column":4},"end":{"line":23,"column":39}},"10":{"start":{"line":24,"column":4},"end":{"line":24,"column":11}},"11":{"start":{"line":26,"column":4},"end":{"line":26,"column":26}},"12":{"start":{"line":30,"column":0},"end":{"line":30,"column":36}},"13":{"start":{"line":31,"column":0},"end":{"line":31,"column":40}},"14":{"start":{"line":32,"column":0},"end":{"line":32,"column":37}},"15":{"start":{"line":33,"column":0},"end":{"line":33,"column":40}},"16":{"start":{"line":34,"column":0},"end":{"line":34,"column":43}},"17":{"start":{"line":35,"column":0},"end":{"line":35,"column":37}},"18":{"start":{"line":37,"column":0},"end":{"line":37,"column":48}},"19":{"start":{"line":38,"column":0},"end":{"line":38,"column":48}},"20":{"start":{"line":40,"column":0},"end":{"line":40,"column":69}},"21":{"start":{"line":42,"column":0},"end":{"line":42,"column":24}}},"fnMap":{"0":{"name":"(anonymous_0)","decl":{"start":{"line":20,"column":22},"end":{"line":20,"column":23}},"loc":{"start":{"line":20,"column":42},"end":{"line":28,"column":1}},"line":20}},"branchMap":{"0":{"loc":{"start":{"line":22,"column":2},"end":{"line":27,"column":3}},"type":"if","locations":[{"start":{"line":22,"column":2},"end":{"line":27,"column":3}},{"start":{"line":25,"column":9},"end":{"line":27,"column":3}}],"line":22}},"s":{"0":2,"1":2,"2":2,"3":2,"4":2,"5":2,"6":2,"7":4,"8":4,"9":0,"10":0,"11":0,"12":2,"13":2,"14":2,"15":2,"16":2,"17":2,"18":2,"19":2,"20":2,"21":2},"f":{"0":4},"b":{"0":[0,0]},"_coverageSchema":"1a1c01bbd47fc00a2c39e90264f33305004495a9","hash":"0de3bd3167016323cb49a0cda8294afb06706166"}
}
