TN:
SF:src/server.js
FN:37,(anonymous_0)
FN:38,(anonymous_1)
FNF:2
FNH:0
FNDA:0,(anonymous_0)
FNDA:0,(anonymous_1)
DA:4,2
DA:5,2
DA:6,2
DA:9,2
DA:10,2
DA:11,2
DA:12,2
DA:15,2
DA:18,2
DA:19,2
DA:20,2
DA:21,2
DA:22,2
DA:28,2
DA:29,2
DA:32,2
DA:33,2
DA:35,2
DA:38,0
DA:39,0
LF:20
LH:18
BRF:0
BRH:0
end_of_record
TN:
SF:src/error-handlers/404.js
FN:10,handle404
FNF:1
FNH:0
FNDA:0,handle404
DA:12,0
DA:17,0
DA:20,2
LF:3
LH:1
BRF:0
BRH:0
end_of_record
TN:
SF:src/error-handlers/500.js
FN:12,(anonymous_0)
FNF:1
FNH:1
FNDA:4,(anonymous_0)
DA:12,2
DA:15,4
DA:17,4
DA:21,4
LF:4
LH:4
BRDA:15,0,0,4
BRDA:15,0,1,0
BRF:2
BRH:1
end_of_record
TN:
SF:src/middleware/acl.js
FN:3,(anonymous_0)
FN:5,(anonymous_1)
FNF:2
FNH:1
FNDA:2,(anonymous_0)
FNDA:0,(anonymous_1)
DA:3,2
DA:5,2
DA:7,0
DA:8,0
DA:9,0
DA:12,0
DA:15,0
LF:7
LH:2
BRDA:8,0,0,0
BRDA:8,0,1,0
BRF:2
BRH:0
end_of_record
TN:
SF:src/middleware/basic.js
FN:6,(anonymous_0)
FN:20,_authError
FNF:2
FNH:0
FNDA:0,(anonymous_0)
FNDA:0,_authError
DA:3,2
DA:4,2
DA:6,2
DA:8,0
DA:10,0
DA:11,0
DA:13,0
DA:14,0
DA:15,0
DA:17,0
DA:21,0
LF:11
LH:3
BRDA:8,0,0,0
BRDA:8,0,1,0
BRF:2
BRH:0
end_of_record
TN:
SF:src/middleware/bearer.js
FN:5,(anonymous_0)
FN:21,_authError
FNF:2
FNH:0
FNDA:0,(anonymous_0)
FNDA:0,_authError
DA:3,2
DA:5,2
DA:7,0
DA:9,0
DA:11,0
DA:12,0
DA:13,0
DA:14,0
DA:15,0
DA:18,0
DA:22,0
LF:11
LH:2
BRDA:9,0,0,0
BRDA:9,0,1,0
BRF:2
BRH:0
end_of_record
TN:
SF:src/middleware/logger.js
FN:5,(anonymous_0)
FNF:1
FNH:1
FNDA:4,(anonymous_0)
DA:5,2
DA:6,4
DA:9,4
DA:12,2
LF:4
LH:4
BRF:0
BRH:0
end_of_record
TN:
SF:src/models/data-collection.js
FN:9,(anonymous_0)
FN:13,(anonymous_1)
FN:22,(anonymous_2)
FN:26,(anonymous_3)
FN:28,(anonymous_4)
FN:31,(anonymous_5)
FNF:6
FNH:2
FNDA:9,(anonymous_0)
FNDA:0,(anonymous_1)
FNDA:2,(anonymous_2)
FNDA:0,(anonymous_3)
FNDA:0,(anonymous_4)
FNDA:0,(anonymous_5)
DA:10,9
DA:14,0
DA:15,0
DA:18,0
DA:23,2
DA:27,0
DA:28,0
DA:32,0
DA:37,3
LF:9
LH:3
BRDA:14,0,0,0
BRDA:14,0,1,0
BRF:2
BRH:0
end_of_record
TN:
SF:src/models/index.js
FNF:0
FNH:0
DA:2,3
DA:3,3
DA:4,3
DA:5,3
DA:6,3
DA:9,3
DA:11,3
DA:13,3
DA:14,3
DA:15,3
DA:17,3
LF:11
LH:11
BRDA:9,0,0,3
BRDA:9,0,1,3
BRF:2
BRH:2
end_of_record
TN:
SF:src/models/users.js
FN:8,(anonymous_0)
FN:15,(anonymous_1)
FN:18,(anonymous_2)
FN:25,(anonymous_3)
FN:37,(anonymous_4)
FN:42,(anonymous_5)
FN:49,(anonymous_6)
FNF:7
FNH:3
FNDA:3,(anonymous_0)
FNDA:5,(anonymous_1)
FNDA:0,(anonymous_2)
FNDA:0,(anonymous_3)
FNDA:2,(anonymous_4)
FNDA:0,(anonymous_5)
FNDA:0,(anonymous_6)
DA:3,3
DA:4,3
DA:6,3
DA:8,3
DA:9,3
DA:16,5
DA:19,0
DA:20,0
DA:26,0
DA:32,0
DA:37,3
DA:38,2
DA:39,2
DA:42,3
DA:43,0
DA:44,0
DA:45,0
DA:46,0
DA:49,3
DA:50,0
DA:51,0
DA:52,0
DA:53,0
DA:54,0
DA:56,0
DA:60,3
DA:63,3
LF:27
LH:13
BRDA:6,0,0,3
BRDA:6,0,1,3
BRDA:45,1,0,0
BRDA:45,1,1,0
BRDA:53,2,0,0
BRDA:53,2,1,0
BRF:6
BRH:2
end_of_record
TN:
SF:src/models/clothes/model.js
FN:3,(anonymous_0)
FNF:1
FNH:1
FNDA:3,(anonymous_0)
DA:3,3
DA:9,3
LF:2
LH:2
BRF:0
BRH:0
end_of_record
TN:
SF:src/models/food/model.js
FN:3,(anonymous_0)
FNF:1
FNH:1
FNDA:3,(anonymous_0)
DA:3,3
DA:9,3
LF:2
LH:2
BRF:0
BRH:0
end_of_record
TN:
SF:src/routes/handler.js
FN:10,handleGetAll
FN:15,handleGetOne
FN:21,handleCreate
FN:27,handleUpdate
FN:34,handleDelete
FN:40,handleSignup
FN:53,handleSignin
FN:61,handleUsers
FN:63,(anonymous_8)
FN:68,handleSecret
FNF:10
FNH:0
FNDA:0,handleGetAll
FNDA:0,handleGetOne
FNDA:0,handleCreate
FNDA:0,handleUpdate
FNDA:0,handleDelete
FNDA:0,handleSignup
FNDA:0,handleSignin
FNDA:0,handleUsers
FNDA:0,(anonymous_8)
FNDA:0,handleSecret
DA:3,2
DA:4,2
DA:5,2
DA:6,2
DA:11,0
DA:12,0
DA:16,0
DA:17,0
DA:18,0
DA:22,0
DA:23,0
DA:24,0
DA:28,0
DA:29,0
DA:30,0
DA:31,0
DA:35,0
DA:36,0
DA:37,0
DA:41,0
DA:42,0
DA:43,0
DA:47,0
DA:49,0
DA:54,0
DA:58,0
DA:62,0
DA:63,0
DA:64,0
DA:69,0
DA:73,2
LF:31
LH:5
BRF:0
BRH:0
end_of_record
TN:
SF:src/routes/routes.js
FN:20,(anonymous_0)
FNF:1
FNH:1
FNDA:4,(anonymous_0)
DA:3,2
DA:4,2
DA:5,2
DA:6,2
DA:7,2
DA:18,2
DA:20,2
DA:21,4
DA:22,4
DA:23,0
DA:24,0
DA:26,0
DA:30,2
DA:31,2
DA:32,2
DA:33,2
DA:34,2
DA:35,2
DA:37,2
DA:38,2
DA:40,2
DA:42,2
LF:22
LH:19
BRDA:22,0,0,0
BRDA:22,0,1,0
BRF:2
BRH:0
end_of_record
